<?xml version="1.0" encoding="utf-8"?>
<shfbBuild product="Sandcastle Help File Builder" version="2014.2.15.0 Beta" projectFile="E:\Projects\UFASoft\UFSJ\Sharp\UFSJStd\UFSJStd.shfbproj" started="12/07/2014 0:27:52">
<buildStep step="Initializing">
Finding tools...
The Sandcastle tools are located in &#39;C:\Program Files\EWSoftware\Sandcastle Help File Builder\&#39;
Searching for HTML Help 1 compiler...
Found HTML Help 1 compiler in &#39;C:\Program Files\HTML Help Workshop\&#39;
Locating components...
Using presentation style &#39;VS2005&#39; located in &#39;C:\Program Files\EWSoftware\Sandcastle Help File Builder\PresentationStyles\VS2005&#39;
</buildStep>
<buildStep step="ValidatingDocumentationSources">
Validating and copying documentation source information
Source: E:\Projects\UFASoft\UFSJ\Sharp\UFSJStd\UFSJStd.csproj
    Found project &#39;E:\Projects\UFASoft\UFSJ\Sharp\UFSJStd\UFSJStd.csproj&#39;

Parsing project files
    Found assembly &#39;E:\Projects\UFASoft\UFSJ\Sharp\UFSJStd\bin\Debug\UFSJStd.exe&#39;
SHFB: Warning BE0007: A project with a different or higher framework version was found.  Changing project FrameworkVersion property from &#39;.NET Framework 4.0&#39; to &#39;.NET Framework 4.5&#39; for the build.

References to include (excluding framework assemblies):
    None

Copying XML comments files
    E:\Projects\UFASoft\UFSJ\Sharp\UFSJStd\bin\Debug\UFSJStd.xml -&gt; E:\Projects\UFASoft\UFSJ\Sharp\UFSJStd\Help\Working\UFSJStd.xml
</buildStep>
<buildStep step="GenerateSharedContent">
Generating shared content files (en-US, English (United States))...
    Last step completed in 00:00:00.0860
</buildStep>
<buildStep step="GenerateApiFilter">
Generating API filter for MRefBuilder...
    Last step completed in 00:00:00.0060
</buildStep>
<buildStep step="GenerateReflectionInfo">
Generating reflection information...
[C:\Windows\Microsoft.NET\Framework\v4.0.30319\MSBuild.exe]
Build started 12/07/2014 0:27:55.
Project &quot;E:\Projects\UFASoft\UFSJ\Sharp\UFSJStd\Help\Working\GenerateRefInfo.proj&quot; on node 1 (default targets).
PrepareForBuild:
  Creating directory &quot;obj\Debug\&quot;.
GenerateRefInfo:
  MRefBuilder (v2014.1.26.0)
  Copyright c 2006-2014, Microsoft Corporation, All Rights Reserved.
  Portions Copyright c 2006-2014, Eric Woodruff, All Rights Reserved.
  Loaded 1 assemblies for reflection and 1 dependency assemblies.
  Wrote information on 2 namespaces, 6 types, and 42 members
  Copying file from &quot;reflection.org&quot; to &quot;reflection.all&quot;.
  XslTransform (v2014.1.26.0)
  Copyright c 2006-2014, Microsoft Corporation, All Rights Reserved.
  Portions Copyright c 2006-2014, Eric Woodruff, All Rights Reserved.
  Applying XSL transformation &#39;C:\Program Files\EWSoftware\Sandcastle Help File Builder\ProductionTransforms\MergeDuplicates.xsl&#39;.
Done Building Project &quot;E:\Projects\UFASoft\UFSJ\Sharp\UFSJStd\Help\Working\GenerateRefInfo.proj&quot; (default targets).

Build succeeded.

Time Elapsed 00:00:01.16
    Last step completed in 00:00:02.5103
</buildStep>
<buildStep step="TransformReflectionInfo">
Transforming reflection output...
[C:\Windows\Microsoft.NET\Framework\v4.0.30319\MSBuild.exe]
Build started 12/07/2014 0:27:57.
Project &quot;E:\Projects\UFASoft\UFSJ\Sharp\UFSJStd\Help\Working\TransformManifest.proj&quot; on node 1 (default targets).
TransformManifest:
  XslTransform (v2014.1.26.0)
  Copyright c 2006-2014, Microsoft Corporation, All Rights Reserved.
  Portions Copyright c 2006-2014, Eric Woodruff, All Rights Reserved.
  Applying XSL transformation &#39;C:\Program Files\EWSoftware\Sandcastle Help File Builder\\ProductionTransforms\ApplyVSDocModel.xsl&#39;.
  Copying file from &quot;reflection.xml&quot; to &quot;reflection.nofilenames&quot;.
  XslTransform (v2014.1.26.0)
  Copyright c 2006-2014, Microsoft Corporation, All Rights Reserved.
  Portions Copyright c 2006-2014, Eric Woodruff, All Rights Reserved.
  Applying XSL transformation &#39;C:\Program Files\EWSoftware\Sandcastle Help File Builder\ProductionTransforms\AddFilenames.xsl&#39;.
  XslTransform (v2014.1.26.0)
  Copyright c 2006-2014, Microsoft Corporation, All Rights Reserved.
  Portions Copyright c 2006-2014, Eric Woodruff, All Rights Reserved.
  Applying XSL transformation &#39;C:\Program Files\EWSoftware\Sandcastle Help File Builder\ProductionTransforms\ReflectionToManifest.xsl&#39;.
Done Building Project &quot;E:\Projects\UFASoft\UFSJ\Sharp\UFSJStd\Help\Working\TransformManifest.proj&quot; (default targets).

Build succeeded.

Time Elapsed 00:00:03.02
    Last step completed in 00:00:04.3815
</buildStep>
<buildStep step="GenerateNamespaceSummaries">
Generating namespace summary information...
    Last step completed in 00:00:00.1570
</buildStep>
<buildStep step="CopyAdditionalContent">
Copying additional content files...
No additional content to copy
    Last step completed in 00:00:00.0050
</buildStep>
<buildStep step="MergeTablesOfContents">
Merging conceptual and additional tables of contents...
    Last step completed in 00:00:00.0010
</buildStep>
<buildStep step="GenerateIntermediateTableOfContents">
Generating intermediate table of contents file...
[C:\Windows\Microsoft.NET\Framework\v4.0.30319\MSBuild.exe]
Build started 12/07/2014 0:28:02.
Project &quot;E:\Projects\UFASoft\UFSJ\Sharp\UFSJStd\Help\Working\GenerateIntermediateTOC.proj&quot; on node 1 (default targets).
GenerateIntermediateTOC:
  XslTransform (v2014.1.26.0)
  Copyright c 2006-2014, Microsoft Corporation, All Rights Reserved.
  Portions Copyright c 2006-2014, Eric Woodruff, All Rights Reserved.
  Applying XSL transformation &#39;C:\Program Files\EWSoftware\Sandcastle Help File Builder\\ProductionTransforms\CreateVSToc.xsl&#39;.
Done Building Project &quot;E:\Projects\UFASoft\UFSJ\Sharp\UFSJStd\Help\Working\GenerateIntermediateTOC.proj&quot; (default targets).

Build succeeded.

Time Elapsed 00:00:00.25
Generating conceptual content intermediate TOC file...
    Last step completed in 00:00:01.5302
</buildStep>
<buildStep step="CreateBuildAssemblerConfigs">
Creating Sandcastle configuration files...
    sandcastle.config
    Last step completed in 00:00:00.3780
</buildStep>
<buildStep step="MergeCustomConfigs">
Merging custom build component configurations
E:\Projects\UFASoft\UFSJ\Sharp\UFSJStd\Help\Working\sandcastle.config
    Last step completed in 00:00:00.0870
</buildStep>
<buildStep step="BuildReferenceTopics">
Building reference help topics...
[C:\Windows\Microsoft.NET\Framework\v4.0.30319\MSBuild.exe]
Build started 12/07/2014 0:28:04.
Project &quot;E:\Projects\UFASoft\UFSJ\Sharp\UFSJStd\Help\Working\BuildReferenceTopics.proj&quot; on node 1 (default targets).
BuildReferenceTopics:
  BuildAssembler (v2014.1.26.0)
  Copyright c 2006-2014, Microsoft Corporation, All Rights Reserved.
  Portions Copyright c 2006-2014, Eric Woodruff, All Rights Reserved.
  Loading configuration...
  ResolveReferenceLinksComponent: The MSDN content ID cache &#39;C:\Users\Fahmi Rasyid\AppData\Local\EWSoftware\Sandcastle Help File Builder\Cache\MsdnContentId.cache&#39; does not exist yet.  All IDs will be looked up in this build which will slow it down.
  Processing topics...
BuildAssembler : warning : ShowMissingComponent: [N:UFSJ] Missing &lt;summary&gt; documentation [E:\Projects\UFASoft\UFSJ\Sharp\UFSJStd\Help\Working\BuildReferenceTopics.proj]
BuildAssembler : warning : ResolveReferenceLinksComponent: [T:UFSJ.App] MSDN web service failed.  No further look ups will be performed for this build. [E:\Projects\UFASoft\UFSJ\Sharp\UFSJStd\Help\Working\BuildReferenceTopics.proj]
BuildAssembler : warning : Reason: The remote name could not be resolved: &#39;services.msdn.microsoft.com&#39; [E:\Projects\UFASoft\UFSJ\Sharp\UFSJStd\Help\Working\BuildReferenceTopics.proj]
BuildAssembler : warning : ResolveReferenceLinksComponent: [AllMembers.T:UFSJ.MainWindow] Unknown reference link target &#39;T:System.Windows.Interop.HwndSource&#39;. [E:\Projects\UFASoft\UFSJ\Sharp\UFSJStd\Help\Working\BuildReferenceTopics.proj]
BuildAssembler : warning : ResolveReferenceLinksComponent: [Events.T:UFSJ.MainWindow] Unknown reference link target &#39;T:System.Windows.Interop.HwndSource&#39;. [E:\Projects\UFASoft\UFSJ\Sharp\UFSJStd\Help\Working\BuildReferenceTopics.proj]
BuildAssembler : warning : ResolveReferenceLinksComponent: [AllMembers.T:UFSJ.ProgressTask] Unknown reference link target &#39;T:System.Windows.Interop.HwndSource&#39;. [E:\Projects\UFASoft\UFSJ\Sharp\UFSJStd\Help\Working\BuildReferenceTopics.proj]
BuildAssembler : warning : ResolveReferenceLinksComponent: [Events.T:UFSJ.ProgressTask] Unknown reference link target &#39;T:System.Windows.Interop.HwndSource&#39;. [E:\Projects\UFASoft\UFSJ\Sharp\UFSJStd\Help\Working\BuildReferenceTopics.proj]
BuildAssembler : warning : ShowMissingComponent: [N:UFSJ.Sharp] Missing &lt;summary&gt; documentation [E:\Projects\UFASoft\UFSJ\Sharp\UFSJStd\Help\Working\BuildReferenceTopics.proj]
BuildAssembler : warning : ShowMissingComponent: [T:UFSJ.Sharp.cAlgol] Missing &lt;summary&gt; documentation [E:\Projects\UFASoft\UFSJ\Sharp\UFSJStd\Help\Working\BuildReferenceTopics.proj]
BuildAssembler : warning : ShowMissingComponent: [M:UFSJ.Sharp.cAlgol.Calculate] Missing &lt;summary&gt; documentation [E:\Projects\UFASoft\UFSJ\Sharp\UFSJStd\Help\Working\BuildReferenceTopics.proj]
BuildAssembler : warning : ShowMissingComponent: [F:UFSJ.Sharp.cAlgol.crc32s] Missing &lt;summary&gt; documentation [E:\Projects\UFASoft\UFSJ\Sharp\UFSJStd\Help\Working\BuildReferenceTopics.proj]
BuildAssembler : warning : ShowMissingComponent: [F:UFSJ.Sharp.cAlgol.Filename] Missing &lt;summary&gt; documentation [E:\Projects\UFASoft\UFSJ\Sharp\UFSJStd\Help\Working\BuildReferenceTopics.proj]
BuildAssembler : warning : ShowMissingComponent: [F:UFSJ.Sharp.cAlgol.gcrc32s] Missing &lt;summary&gt; documentation [E:\Projects\UFASoft\UFSJ\Sharp\UFSJStd\Help\Working\BuildReferenceTopics.proj]
BuildAssembler : warning : ShowMissingComponent: [M:UFSJ.Sharp.cAlgol.Generate] Missing &lt;summary&gt; documentation [E:\Projects\UFASoft\UFSJ\Sharp\UFSJStd\Help\Working\BuildReferenceTopics.proj]
BuildAssembler : warning : ShowMissingComponent: [F:UFSJ.Sharp.cAlgol.gmd5s] Missing &lt;summary&gt; documentation [E:\Projects\UFASoft\UFSJ\Sharp\UFSJStd\Help\Working\BuildReferenceTopics.proj]
BuildAssembler : warning : ShowMissingComponent: [F:UFSJ.Sharp.cAlgol.gsha1s] Missing &lt;summary&gt; documentation [E:\Projects\UFASoft\UFSJ\Sharp\UFSJStd\Help\Working\BuildReferenceTopics.proj]
BuildAssembler : warning : ShowMissingComponent: [F:UFSJ.Sharp.cAlgol.gsha256s] Missing &lt;summary&gt; documentation [E:\Projects\UFASoft\UFSJ\Sharp\UFSJStd\Help\Working\BuildReferenceTopics.proj]
BuildAssembler : warning : ShowMissingComponent: [F:UFSJ.Sharp.cAlgol.gsha384s] Missing &lt;summary&gt; documentation [E:\Projects\UFASoft\UFSJ\Sharp\UFSJStd\Help\Working\BuildReferenceTopics.proj]
BuildAssembler : warning : ShowMissingComponent: [F:UFSJ.Sharp.cAlgol.gsha512s] Missing &lt;summary&gt; documentation [E:\Projects\UFASoft\UFSJ\Sharp\UFSJStd\Help\Working\BuildReferenceTopics.proj]
BuildAssembler : warning : ShowMissingComponent: [F:UFSJ.Sharp.cAlgol.gSHAAlgol] Missing &lt;summary&gt; documentation [E:\Projects\UFASoft\UFSJ\Sharp\UFSJStd\Help\Working\BuildReferenceTopics.proj]
BuildAssembler : warning : ShowMissingComponent: [F:UFSJ.Sharp.cAlgol.md5s] Missing &lt;summary&gt; documentation [E:\Projects\UFASoft\UFSJ\Sharp\UFSJStd\Help\Working\BuildReferenceTopics.proj]
BuildAssembler : warning : ShowMissingComponent: [F:UFSJ.Sharp.cAlgol.OutputPath] Missing &lt;summary&gt; documentation [E:\Projects\UFASoft\UFSJ\Sharp\UFSJStd\Help\Working\BuildReferenceTopics.proj]
BuildAssembler : warning : ShowMissingComponent: [F:UFSJ.Sharp.cAlgol.PB] Missing &lt;summary&gt; documentation [E:\Projects\UFASoft\UFSJ\Sharp\UFSJStd\Help\Working\BuildReferenceTopics.proj]
BuildAssembler : warning : ShowMissingComponent: [F:UFSJ.Sharp.cAlgol.sha1s] Missing &lt;summary&gt; documentation [E:\Projects\UFASoft\UFSJ\Sharp\UFSJStd\Help\Working\BuildReferenceTopics.proj]
BuildAssembler : warning : ShowMissingComponent: [F:UFSJ.Sharp.cAlgol.sha256s] Missing &lt;summary&gt; documentation [E:\Projects\UFASoft\UFSJ\Sharp\UFSJStd\Help\Working\BuildReferenceTopics.proj]
BuildAssembler : warning : ShowMissingComponent: [F:UFSJ.Sharp.cAlgol.sha384s] Missing &lt;summary&gt; documentation [E:\Projects\UFASoft\UFSJ\Sharp\UFSJStd\Help\Working\BuildReferenceTopics.proj]
BuildAssembler : warning : ShowMissingComponent: [F:UFSJ.Sharp.cAlgol.sha512s] Missing &lt;summary&gt; documentation [E:\Projects\UFASoft\UFSJ\Sharp\UFSJStd\Help\Working\BuildReferenceTopics.proj]
BuildAssembler : warning : ShowMissingComponent: [T:UFSJ.Sharp.cMerge] Missing &lt;summary&gt; documentation [E:\Projects\UFASoft\UFSJ\Sharp\UFSJStd\Help\Working\BuildReferenceTopics.proj]
BuildAssembler : warning : ShowMissingComponent: [F:UFSJ.Sharp.cMerge.DeleteFilesAfterMerge] Missing &lt;summary&gt; documentation [E:\Projects\UFASoft\UFSJ\Sharp\UFSJStd\Help\Working\BuildReferenceTopics.proj]
BuildAssembler : warning : ShowMissingComponent: [F:UFSJ.Sharp.cMerge.FileName] Missing &lt;summary&gt; documentation [E:\Projects\UFASoft\UFSJ\Sharp\UFSJStd\Help\Working\BuildReferenceTopics.proj]
BuildAssembler : warning : ShowMissingComponent: [F:UFSJ.Sharp.cMerge.OutputPath] Missing &lt;summary&gt; documentation [E:\Projects\UFASoft\UFSJ\Sharp\UFSJStd\Help\Working\BuildReferenceTopics.proj]
BuildAssembler : warning : ShowMissingComponent: [F:UFSJ.Sharp.cMerge.PB] Missing &lt;summary&gt; documentation [E:\Projects\UFASoft\UFSJ\Sharp\UFSJStd\Help\Working\BuildReferenceTopics.proj]
BuildAssembler : warning : ShowMissingComponent: [M:UFSJ.Sharp.cMerge.Start] Missing &lt;summary&gt; documentation [E:\Projects\UFASoft\UFSJ\Sharp\UFSJStd\Help\Working\BuildReferenceTopics.proj]
BuildAssembler : warning : ShowMissingComponent: [F:UFSJ.Sharp.cSplit.ChunkSize] Missing &lt;summary&gt; documentation [E:\Projects\UFASoft\UFSJ\Sharp\UFSJStd\Help\Working\BuildReferenceTopics.proj]
BuildAssembler : warning : ShowMissingComponent: [F:UFSJ.Sharp.cSplit.FileName] Missing &lt;summary&gt; documentation [E:\Projects\UFASoft\UFSJ\Sharp\UFSJStd\Help\Working\BuildReferenceTopics.proj]
BuildAssembler : warning : ShowMissingComponent: [F:UFSJ.Sharp.cSplit.OutputPath] Missing &lt;summary&gt; documentation [E:\Projects\UFASoft\UFSJ\Sharp\UFSJStd\Help\Working\BuildReferenceTopics.proj]
BuildAssembler : warning : ShowMissingComponent: [F:UFSJ.Sharp.cSplit.PB] Missing &lt;summary&gt; documentation [E:\Projects\UFASoft\UFSJ\Sharp\UFSJStd\Help\Working\BuildReferenceTopics.proj]
  Processed 71 topic(s)
  36 warning(s)
  CopyFromIndexComponent: &quot;reflection&quot; in-memory cache entries used: 4 of 15.
  CopyFromIndexComponent: &quot;comments&quot; in-memory cache entries used: 5 of 30.
Done Building Project &quot;E:\Projects\UFASoft\UFSJ\Sharp\UFSJStd\Help\Working\BuildReferenceTopics.proj&quot; (default targets).

Build succeeded.

Time Elapsed 00:00:36.50
    Last step completed in 00:00:37.8287
</buildStep>
<buildStep step="CombiningIntermediateTocFiles">
Combining conceptual and API intermediate TOC files...
    Last step completed in 00:00:00.0030
</buildStep>
<buildStep step="ExtractingHtmlInfo">
Extracting HTML info for HTML Help 1 and/or website...
[C:\Windows\Microsoft.NET\Framework\v4.0.30319\MSBuild.exe]
Sandcastle Help File Builder, version 2014.2.15.0 Beta
Copyright c 2006-2014, Eric Woodruff, All Rights Reserved
E-Mail: Eric@EWoodruff.us

Using LCID &#39;1033&#39;, code page &#39;65001&#39;, encoding charset &#39;UTF-8&#39;.

Processing Help 1 files in E:\Projects\UFASoft\UFSJ\Sharp\UFSJStd\Help\Working\Output\HtmlHelp1
Processed 71 HTML files
Sorting keywords and generating See Also indices
Saving HTML Help 1 keyword index to E:\Projects\UFASoft\UFSJ\Sharp\UFSJStd\Help\Working\Documentation.hhk
Saving HTML Help 1 table of contents to E:\Projects\UFASoft\UFSJ\Sharp\UFSJStd\Help\Working\Documentation.hhc
    Last step completed in 00:00:02.2173
</buildStep>
<buildStep step="CopyStandardHelpContent">
Copying standard help content...
C:\Program Files\EWSoftware\Sandcastle Help File Builder\PresentationStyles\VS2005\icons\adm.gif -&gt; E:\Projects\UFASoft\UFSJ\Sharp\UFSJStd\Help\Working\Output\HtmlHelp1\icons\adm.gif
C:\Program Files\EWSoftware\Sandcastle Help File Builder\PresentationStyles\VS2005\icons\adm_arch.gif -&gt; E:\Projects\UFASoft\UFSJ\Sharp\UFSJStd\Help\Working\Output\HtmlHelp1\icons\adm_arch.gif
C:\Program Files\EWSoftware\Sandcastle Help File Builder\PresentationStyles\VS2005\icons\adm_dev.gif -&gt; E:\Projects\UFASoft\UFSJ\Sharp\UFSJStd\Help\Working\Output\HtmlHelp1\icons\adm_dev.gif
C:\Program Files\EWSoftware\Sandcastle Help File Builder\PresentationStyles\VS2005\icons\adm_dev_arch.gif -&gt; E:\Projects\UFASoft\UFSJ\Sharp\UFSJStd\Help\Working\Output\HtmlHelp1\icons\adm_dev_arch.gif
C:\Program Files\EWSoftware\Sandcastle Help File Builder\PresentationStyles\VS2005\icons\alert_caution.gif -&gt; E:\Projects\UFASoft\UFSJ\Sharp\UFSJStd\Help\Working\Output\HtmlHelp1\icons\alert_caution.gif
C:\Program Files\EWSoftware\Sandcastle Help File Builder\PresentationStyles\VS2005\icons\alert_note.gif -&gt; E:\Projects\UFASoft\UFSJ\Sharp\UFSJStd\Help\Working\Output\HtmlHelp1\icons\alert_note.gif
C:\Program Files\EWSoftware\Sandcastle Help File Builder\PresentationStyles\VS2005\icons\alert_security.gif -&gt; E:\Projects\UFASoft\UFSJ\Sharp\UFSJStd\Help\Working\Output\HtmlHelp1\icons\alert_security.gif
C:\Program Files\EWSoftware\Sandcastle Help File Builder\PresentationStyles\VS2005\icons\arch.gif -&gt; E:\Projects\UFASoft\UFSJ\Sharp\UFSJStd\Help\Working\Output\HtmlHelp1\icons\arch.gif
C:\Program Files\EWSoftware\Sandcastle Help File Builder\PresentationStyles\VS2005\icons\big_adm.gif -&gt; E:\Projects\UFASoft\UFSJ\Sharp\UFSJStd\Help\Working\Output\HtmlHelp1\icons\big_adm.gif
C:\Program Files\EWSoftware\Sandcastle Help File Builder\PresentationStyles\VS2005\icons\big_arch.gif -&gt; E:\Projects\UFASoft\UFSJ\Sharp\UFSJStd\Help\Working\Output\HtmlHelp1\icons\big_arch.gif
C:\Program Files\EWSoftware\Sandcastle Help File Builder\PresentationStyles\VS2005\icons\big_dev.gif -&gt; E:\Projects\UFASoft\UFSJ\Sharp\UFSJStd\Help\Working\Output\HtmlHelp1\icons\big_dev.gif
C:\Program Files\EWSoftware\Sandcastle Help File Builder\PresentationStyles\VS2005\icons\big_kw.gif -&gt; E:\Projects\UFASoft\UFSJ\Sharp\UFSJStd\Help\Working\Output\HtmlHelp1\icons\big_kw.gif
C:\Program Files\EWSoftware\Sandcastle Help File Builder\PresentationStyles\VS2005\icons\box.gif -&gt; E:\Projects\UFASoft\UFSJ\Sharp\UFSJStd\Help\Working\Output\HtmlHelp1\icons\box.gif
C:\Program Files\EWSoftware\Sandcastle Help File Builder\PresentationStyles\VS2005\icons\Caution.gif -&gt; E:\Projects\UFASoft\UFSJ\Sharp\UFSJStd\Help\Working\Output\HtmlHelp1\icons\Caution.gif
C:\Program Files\EWSoftware\Sandcastle Help File Builder\PresentationStyles\VS2005\icons\CFW.gif -&gt; E:\Projects\UFASoft\UFSJ\Sharp\UFSJStd\Help\Working\Output\HtmlHelp1\icons\CFW.gif
C:\Program Files\EWSoftware\Sandcastle Help File Builder\PresentationStyles\VS2005\icons\collall.gif -&gt; E:\Projects\UFASoft\UFSJ\Sharp\UFSJStd\Help\Working\Output\HtmlHelp1\icons\collall.gif
C:\Program Files\EWSoftware\Sandcastle Help File Builder\PresentationStyles\VS2005\icons\collapse.gif -&gt; E:\Projects\UFASoft\UFSJ\Sharp\UFSJStd\Help\Working\Output\HtmlHelp1\icons\collapse.gif
C:\Program Files\EWSoftware\Sandcastle Help File Builder\PresentationStyles\VS2005\icons\collapse_all.gif -&gt; E:\Projects\UFASoft\UFSJ\Sharp\UFSJStd\Help\Working\Output\HtmlHelp1\icons\collapse_all.gif
C:\Program Files\EWSoftware\Sandcastle Help File Builder\PresentationStyles\VS2005\icons\copycode.gif -&gt; E:\Projects\UFASoft\UFSJ\Sharp\UFSJStd\Help\Working\Output\HtmlHelp1\icons\copycode.gif
C:\Program Files\EWSoftware\Sandcastle Help File Builder\PresentationStyles\VS2005\icons\copycodeHighlight.gif -&gt; E:\Projects\UFASoft\UFSJ\Sharp\UFSJStd\Help\Working\Output\HtmlHelp1\icons\copycodeHighlight.gif
C:\Program Files\EWSoftware\Sandcastle Help File Builder\PresentationStyles\VS2005\icons\dev.gif -&gt; E:\Projects\UFASoft\UFSJ\Sharp\UFSJStd\Help\Working\Output\HtmlHelp1\icons\dev.gif
C:\Program Files\EWSoftware\Sandcastle Help File Builder\PresentationStyles\VS2005\icons\dev_arch.gif -&gt; E:\Projects\UFASoft\UFSJ\Sharp\UFSJStd\Help\Working\Output\HtmlHelp1\icons\dev_arch.gif
C:\Program Files\EWSoftware\Sandcastle Help File Builder\PresentationStyles\VS2005\icons\dropdown.gif -&gt; E:\Projects\UFASoft\UFSJ\Sharp\UFSJStd\Help\Working\Output\HtmlHelp1\icons\dropdown.gif
C:\Program Files\EWSoftware\Sandcastle Help File Builder\PresentationStyles\VS2005\icons\dropdownHover.gif -&gt; E:\Projects\UFASoft\UFSJ\Sharp\UFSJStd\Help\Working\Output\HtmlHelp1\icons\dropdownHover.gif
C:\Program Files\EWSoftware\Sandcastle Help File Builder\PresentationStyles\VS2005\icons\drpdown.gif -&gt; E:\Projects\UFASoft\UFSJ\Sharp\UFSJStd\Help\Working\Output\HtmlHelp1\icons\drpdown.gif
C:\Program Files\EWSoftware\Sandcastle Help File Builder\PresentationStyles\VS2005\icons\drpdown_orange.gif -&gt; E:\Projects\UFASoft\UFSJ\Sharp\UFSJStd\Help\Working\Output\HtmlHelp1\icons\drpdown_orange.gif
C:\Program Files\EWSoftware\Sandcastle Help File Builder\PresentationStyles\VS2005\icons\drpdown_orange_up.gif -&gt; E:\Projects\UFASoft\UFSJ\Sharp\UFSJStd\Help\Working\Output\HtmlHelp1\icons\drpdown_orange_up.gif
C:\Program Files\EWSoftware\Sandcastle Help File Builder\PresentationStyles\VS2005\icons\drpup.gif -&gt; E:\Projects\UFASoft\UFSJ\Sharp\UFSJStd\Help\Working\Output\HtmlHelp1\icons\drpup.gif
C:\Program Files\EWSoftware\Sandcastle Help File Builder\PresentationStyles\VS2005\icons\exp.gif -&gt; E:\Projects\UFASoft\UFSJ\Sharp\UFSJStd\Help\Working\Output\HtmlHelp1\icons\exp.gif
C:\Program Files\EWSoftware\Sandcastle Help File Builder\PresentationStyles\VS2005\icons\expall.gif -&gt; E:\Projects\UFASoft\UFSJ\Sharp\UFSJStd\Help\Working\Output\HtmlHelp1\icons\expall.gif
C:\Program Files\EWSoftware\Sandcastle Help File Builder\PresentationStyles\VS2005\icons\expand_all.gif -&gt; E:\Projects\UFASoft\UFSJ\Sharp\UFSJStd\Help\Working\Output\HtmlHelp1\icons\expand_all.gif
C:\Program Files\EWSoftware\Sandcastle Help File Builder\PresentationStyles\VS2005\icons\filter1a.gif -&gt; E:\Projects\UFASoft\UFSJ\Sharp\UFSJStd\Help\Working\Output\HtmlHelp1\icons\filter1a.gif
C:\Program Files\EWSoftware\Sandcastle Help File Builder\PresentationStyles\VS2005\icons\filter1c.gif -&gt; E:\Projects\UFASoft\UFSJ\Sharp\UFSJStd\Help\Working\Output\HtmlHelp1\icons\filter1c.gif
C:\Program Files\EWSoftware\Sandcastle Help File Builder\PresentationStyles\VS2005\icons\footer.gif -&gt; E:\Projects\UFASoft\UFSJ\Sharp\UFSJStd\Help\Working\Output\HtmlHelp1\icons\footer.gif
C:\Program Files\EWSoftware\Sandcastle Help File Builder\PresentationStyles\VS2005\icons\gradient.gif -&gt; E:\Projects\UFASoft\UFSJ\Sharp\UFSJStd\Help\Working\Output\HtmlHelp1\icons\gradient.gif
C:\Program Files\EWSoftware\Sandcastle Help File Builder\PresentationStyles\VS2005\icons\greencheck.gif -&gt; E:\Projects\UFASoft\UFSJ\Sharp\UFSJStd\Help\Working\Output\HtmlHelp1\icons\greencheck.gif
C:\Program Files\EWSoftware\Sandcastle Help File Builder\PresentationStyles\VS2005\icons\greychck.gif -&gt; E:\Projects\UFASoft\UFSJ\Sharp\UFSJStd\Help\Working\Output\HtmlHelp1\icons\greychck.gif
C:\Program Files\EWSoftware\Sandcastle Help File Builder\PresentationStyles\VS2005\icons\header_prev_next.jpg -&gt; E:\Projects\UFASoft\UFSJ\Sharp\UFSJStd\Help\Working\Output\HtmlHelp1\icons\header_prev_next.jpg
C:\Program Files\EWSoftware\Sandcastle Help File Builder\PresentationStyles\VS2005\icons\header_sql_tutorial_blank.jpg -&gt; E:\Projects\UFASoft\UFSJ\Sharp\UFSJStd\Help\Working\Output\HtmlHelp1\icons\header_sql_tutorial_blank.jpg
C:\Program Files\EWSoftware\Sandcastle Help File Builder\PresentationStyles\VS2005\icons\header_sql_tutorial_logo.GIF -&gt; E:\Projects\UFASoft\UFSJ\Sharp\UFSJStd\Help\Working\Output\HtmlHelp1\icons\header_sql_tutorial_logo.GIF
C:\Program Files\EWSoftware\Sandcastle Help File Builder\PresentationStyles\VS2005\icons\kw.gif -&gt; E:\Projects\UFASoft\UFSJ\Sharp\UFSJStd\Help\Working\Output\HtmlHelp1\icons\kw.gif
C:\Program Files\EWSoftware\Sandcastle Help File Builder\PresentationStyles\VS2005\icons\kw_adm.gif -&gt; E:\Projects\UFASoft\UFSJ\Sharp\UFSJStd\Help\Working\Output\HtmlHelp1\icons\kw_adm.gif
C:\Program Files\EWSoftware\Sandcastle Help File Builder\PresentationStyles\VS2005\icons\kw_adm_arch.gif -&gt; E:\Projects\UFASoft\UFSJ\Sharp\UFSJStd\Help\Working\Output\HtmlHelp1\icons\kw_adm_arch.gif
C:\Program Files\EWSoftware\Sandcastle Help File Builder\PresentationStyles\VS2005\icons\kw_adm_dev.gif -&gt; E:\Projects\UFASoft\UFSJ\Sharp\UFSJStd\Help\Working\Output\HtmlHelp1\icons\kw_adm_dev.gif
C:\Program Files\EWSoftware\Sandcastle Help File Builder\PresentationStyles\VS2005\icons\kw_adm_dev_arch.gif -&gt; E:\Projects\UFASoft\UFSJ\Sharp\UFSJStd\Help\Working\Output\HtmlHelp1\icons\kw_adm_dev_arch.gif
C:\Program Files\EWSoftware\Sandcastle Help File Builder\PresentationStyles\VS2005\icons\kw_arch.gif -&gt; E:\Projects\UFASoft\UFSJ\Sharp\UFSJStd\Help\Working\Output\HtmlHelp1\icons\kw_arch.gif
C:\Program Files\EWSoftware\Sandcastle Help File Builder\PresentationStyles\VS2005\icons\kw_dev.gif -&gt; E:\Projects\UFASoft\UFSJ\Sharp\UFSJStd\Help\Working\Output\HtmlHelp1\icons\kw_dev.gif
C:\Program Files\EWSoftware\Sandcastle Help File Builder\PresentationStyles\VS2005\icons\kw_dev_arch.gif -&gt; E:\Projects\UFASoft\UFSJ\Sharp\UFSJStd\Help\Working\Output\HtmlHelp1\icons\kw_dev_arch.gif
C:\Program Files\EWSoftware\Sandcastle Help File Builder\PresentationStyles\VS2005\icons\LastChild.gif -&gt; E:\Projects\UFASoft\UFSJ\Sharp\UFSJStd\Help\Working\Output\HtmlHelp1\icons\LastChild.gif
C:\Program Files\EWSoftware\Sandcastle Help File Builder\PresentationStyles\VS2005\icons\load.gif -&gt; E:\Projects\UFASoft\UFSJ\Sharp\UFSJStd\Help\Working\Output\HtmlHelp1\icons\load.gif
C:\Program Files\EWSoftware\Sandcastle Help File Builder\PresentationStyles\VS2005\icons\load_hover.gif -&gt; E:\Projects\UFASoft\UFSJ\Sharp\UFSJStd\Help\Working\Output\HtmlHelp1\icons\load_hover.gif
C:\Program Files\EWSoftware\Sandcastle Help File Builder\PresentationStyles\VS2005\icons\note.gif -&gt; E:\Projects\UFASoft\UFSJ\Sharp\UFSJStd\Help\Working\Output\HtmlHelp1\icons\note.gif
C:\Program Files\EWSoftware\Sandcastle Help File Builder\PresentationStyles\VS2005\icons\pencil.GIF -&gt; E:\Projects\UFASoft\UFSJ\Sharp\UFSJStd\Help\Working\Output\HtmlHelp1\icons\pencil.GIF
C:\Program Files\EWSoftware\Sandcastle Help File Builder\PresentationStyles\VS2005\icons\privclass.gif -&gt; E:\Projects\UFASoft\UFSJ\Sharp\UFSJStd\Help\Working\Output\HtmlHelp1\icons\privclass.gif
C:\Program Files\EWSoftware\Sandcastle Help File Builder\PresentationStyles\VS2005\icons\privdelegate.gif -&gt; E:\Projects\UFASoft\UFSJ\Sharp\UFSJStd\Help\Working\Output\HtmlHelp1\icons\privdelegate.gif
C:\Program Files\EWSoftware\Sandcastle Help File Builder\PresentationStyles\VS2005\icons\privenum.gif -&gt; E:\Projects\UFASoft\UFSJ\Sharp\UFSJStd\Help\Working\Output\HtmlHelp1\icons\privenum.gif
C:\Program Files\EWSoftware\Sandcastle Help File Builder\PresentationStyles\VS2005\icons\privenumeration.gif -&gt; E:\Projects\UFASoft\UFSJ\Sharp\UFSJStd\Help\Working\Output\HtmlHelp1\icons\privenumeration.gif
C:\Program Files\EWSoftware\Sandcastle Help File Builder\PresentationStyles\VS2005\icons\privevent.gif -&gt; E:\Projects\UFASoft\UFSJ\Sharp\UFSJStd\Help\Working\Output\HtmlHelp1\icons\privevent.gif
C:\Program Files\EWSoftware\Sandcastle Help File Builder\PresentationStyles\VS2005\icons\privextension.gif -&gt; E:\Projects\UFASoft\UFSJ\Sharp\UFSJStd\Help\Working\Output\HtmlHelp1\icons\privextension.gif
C:\Program Files\EWSoftware\Sandcastle Help File Builder\PresentationStyles\VS2005\icons\privfield.gif -&gt; E:\Projects\UFASoft\UFSJ\Sharp\UFSJStd\Help\Working\Output\HtmlHelp1\icons\privfield.gif
C:\Program Files\EWSoftware\Sandcastle Help File Builder\PresentationStyles\VS2005\icons\privinterface.gif -&gt; E:\Projects\UFASoft\UFSJ\Sharp\UFSJStd\Help\Working\Output\HtmlHelp1\icons\privinterface.gif
C:\Program Files\EWSoftware\Sandcastle Help File Builder\PresentationStyles\VS2005\icons\privmethod.gif -&gt; E:\Projects\UFASoft\UFSJ\Sharp\UFSJStd\Help\Working\Output\HtmlHelp1\icons\privmethod.gif
C:\Program Files\EWSoftware\Sandcastle Help File Builder\PresentationStyles\VS2005\icons\privproperty.gif -&gt; E:\Projects\UFASoft\UFSJ\Sharp\UFSJStd\Help\Working\Output\HtmlHelp1\icons\privproperty.gif
C:\Program Files\EWSoftware\Sandcastle Help File Builder\PresentationStyles\VS2005\icons\privstructure.gif -&gt; E:\Projects\UFASoft\UFSJ\Sharp\UFSJStd\Help\Working\Output\HtmlHelp1\icons\privstructure.gif
C:\Program Files\EWSoftware\Sandcastle Help File Builder\PresentationStyles\VS2005\icons\protclass.gif -&gt; E:\Projects\UFASoft\UFSJ\Sharp\UFSJStd\Help\Working\Output\HtmlHelp1\icons\protclass.gif
C:\Program Files\EWSoftware\Sandcastle Help File Builder\PresentationStyles\VS2005\icons\protdelegate.gif -&gt; E:\Projects\UFASoft\UFSJ\Sharp\UFSJStd\Help\Working\Output\HtmlHelp1\icons\protdelegate.gif
C:\Program Files\EWSoftware\Sandcastle Help File Builder\PresentationStyles\VS2005\icons\protenum.gif -&gt; E:\Projects\UFASoft\UFSJ\Sharp\UFSJStd\Help\Working\Output\HtmlHelp1\icons\protenum.gif
C:\Program Files\EWSoftware\Sandcastle Help File Builder\PresentationStyles\VS2005\icons\protenumeration.gif -&gt; E:\Projects\UFASoft\UFSJ\Sharp\UFSJStd\Help\Working\Output\HtmlHelp1\icons\protenumeration.gif
C:\Program Files\EWSoftware\Sandcastle Help File Builder\PresentationStyles\VS2005\icons\protevent.gif -&gt; E:\Projects\UFASoft\UFSJ\Sharp\UFSJStd\Help\Working\Output\HtmlHelp1\icons\protevent.gif
C:\Program Files\EWSoftware\Sandcastle Help File Builder\PresentationStyles\VS2005\icons\protextension.gif -&gt; E:\Projects\UFASoft\UFSJ\Sharp\UFSJStd\Help\Working\Output\HtmlHelp1\icons\protextension.gif
C:\Program Files\EWSoftware\Sandcastle Help File Builder\PresentationStyles\VS2005\icons\protfield.gif -&gt; E:\Projects\UFASoft\UFSJ\Sharp\UFSJStd\Help\Working\Output\HtmlHelp1\icons\protfield.gif
C:\Program Files\EWSoftware\Sandcastle Help File Builder\PresentationStyles\VS2005\icons\protinterface.gif -&gt; E:\Projects\UFASoft\UFSJ\Sharp\UFSJStd\Help\Working\Output\HtmlHelp1\icons\protinterface.gif
C:\Program Files\EWSoftware\Sandcastle Help File Builder\PresentationStyles\VS2005\icons\protmethod.gif -&gt; E:\Projects\UFASoft\UFSJ\Sharp\UFSJStd\Help\Working\Output\HtmlHelp1\icons\protmethod.gif
C:\Program Files\EWSoftware\Sandcastle Help File Builder\PresentationStyles\VS2005\icons\protoperator.gif -&gt; E:\Projects\UFASoft\UFSJ\Sharp\UFSJStd\Help\Working\Output\HtmlHelp1\icons\protoperator.gif
C:\Program Files\EWSoftware\Sandcastle Help File Builder\PresentationStyles\VS2005\icons\protproperty.gif -&gt; E:\Projects\UFASoft\UFSJ\Sharp\UFSJStd\Help\Working\Output\HtmlHelp1\icons\protproperty.gif
C:\Program Files\EWSoftware\Sandcastle Help File Builder\PresentationStyles\VS2005\icons\protstructure.gif -&gt; E:\Projects\UFASoft\UFSJ\Sharp\UFSJStd\Help\Working\Output\HtmlHelp1\icons\protstructure.gif
C:\Program Files\EWSoftware\Sandcastle Help File Builder\PresentationStyles\VS2005\icons\pubclass.gif -&gt; E:\Projects\UFASoft\UFSJ\Sharp\UFSJStd\Help\Working\Output\HtmlHelp1\icons\pubclass.gif
C:\Program Files\EWSoftware\Sandcastle Help File Builder\PresentationStyles\VS2005\icons\pubdelegate.gif -&gt; E:\Projects\UFASoft\UFSJ\Sharp\UFSJStd\Help\Working\Output\HtmlHelp1\icons\pubdelegate.gif
C:\Program Files\EWSoftware\Sandcastle Help File Builder\PresentationStyles\VS2005\icons\pubenum.gif -&gt; E:\Projects\UFASoft\UFSJ\Sharp\UFSJStd\Help\Working\Output\HtmlHelp1\icons\pubenum.gif
C:\Program Files\EWSoftware\Sandcastle Help File Builder\PresentationStyles\VS2005\icons\pubenumeration.gif -&gt; E:\Projects\UFASoft\UFSJ\Sharp\UFSJStd\Help\Working\Output\HtmlHelp1\icons\pubenumeration.gif
C:\Program Files\EWSoftware\Sandcastle Help File Builder\PresentationStyles\VS2005\icons\pubevent.gif -&gt; E:\Projects\UFASoft\UFSJ\Sharp\UFSJStd\Help\Working\Output\HtmlHelp1\icons\pubevent.gif
C:\Program Files\EWSoftware\Sandcastle Help File Builder\PresentationStyles\VS2005\icons\pubextension.gif -&gt; E:\Projects\UFASoft\UFSJ\Sharp\UFSJStd\Help\Working\Output\HtmlHelp1\icons\pubextension.gif
C:\Program Files\EWSoftware\Sandcastle Help File Builder\PresentationStyles\VS2005\icons\pubfield.gif -&gt; E:\Projects\UFASoft\UFSJ\Sharp\UFSJStd\Help\Working\Output\HtmlHelp1\icons\pubfield.gif
C:\Program Files\EWSoftware\Sandcastle Help File Builder\PresentationStyles\VS2005\icons\pubinterface.gif -&gt; E:\Projects\UFASoft\UFSJ\Sharp\UFSJStd\Help\Working\Output\HtmlHelp1\icons\pubinterface.gif
C:\Program Files\EWSoftware\Sandcastle Help File Builder\PresentationStyles\VS2005\icons\pubmethod.gif -&gt; E:\Projects\UFASoft\UFSJ\Sharp\UFSJStd\Help\Working\Output\HtmlHelp1\icons\pubmethod.gif
C:\Program Files\EWSoftware\Sandcastle Help File Builder\PresentationStyles\VS2005\icons\puboperator.gif -&gt; E:\Projects\UFASoft\UFSJ\Sharp\UFSJStd\Help\Working\Output\HtmlHelp1\icons\puboperator.gif
C:\Program Files\EWSoftware\Sandcastle Help File Builder\PresentationStyles\VS2005\icons\pubproperty.gif -&gt; E:\Projects\UFASoft\UFSJ\Sharp\UFSJStd\Help\Working\Output\HtmlHelp1\icons\pubproperty.gif
C:\Program Files\EWSoftware\Sandcastle Help File Builder\PresentationStyles\VS2005\icons\pubstructure.gif -&gt; E:\Projects\UFASoft\UFSJ\Sharp\UFSJStd\Help\Working\Output\HtmlHelp1\icons\pubstructure.gif
C:\Program Files\EWSoftware\Sandcastle Help File Builder\PresentationStyles\VS2005\icons\requirements1a.gif -&gt; E:\Projects\UFASoft\UFSJ\Sharp\UFSJStd\Help\Working\Output\HtmlHelp1\icons\requirements1a.gif
C:\Program Files\EWSoftware\Sandcastle Help File Builder\PresentationStyles\VS2005\icons\requirements1c.gif -&gt; E:\Projects\UFASoft\UFSJ\Sharp\UFSJStd\Help\Working\Output\HtmlHelp1\icons\requirements1c.gif
C:\Program Files\EWSoftware\Sandcastle Help File Builder\PresentationStyles\VS2005\icons\save.gif -&gt; E:\Projects\UFASoft\UFSJ\Sharp\UFSJStd\Help\Working\Output\HtmlHelp1\icons\save.gif
C:\Program Files\EWSoftware\Sandcastle Help File Builder\PresentationStyles\VS2005\icons\save_hover.gif -&gt; E:\Projects\UFASoft\UFSJ\Sharp\UFSJStd\Help\Working\Output\HtmlHelp1\icons\save_hover.gif
C:\Program Files\EWSoftware\Sandcastle Help File Builder\PresentationStyles\VS2005\icons\security.gif -&gt; E:\Projects\UFASoft\UFSJ\Sharp\UFSJStd\Help\Working\Output\HtmlHelp1\icons\security.gif
C:\Program Files\EWSoftware\Sandcastle Help File Builder\PresentationStyles\VS2005\icons\seealso1a.gif -&gt; E:\Projects\UFASoft\UFSJ\Sharp\UFSJStd\Help\Working\Output\HtmlHelp1\icons\seealso1a.gif
C:\Program Files\EWSoftware\Sandcastle Help File Builder\PresentationStyles\VS2005\icons\seealso1c.gif -&gt; E:\Projects\UFASoft\UFSJ\Sharp\UFSJStd\Help\Working\Output\HtmlHelp1\icons\seealso1c.gif
C:\Program Files\EWSoftware\Sandcastle Help File Builder\PresentationStyles\VS2005\icons\slMobile.gif -&gt; E:\Projects\UFASoft\UFSJ\Sharp\UFSJStd\Help\Working\Output\HtmlHelp1\icons\slMobile.gif
C:\Program Files\EWSoftware\Sandcastle Help File Builder\PresentationStyles\VS2005\icons\static.gif -&gt; E:\Projects\UFASoft\UFSJ\Sharp\UFSJStd\Help\Working\Output\HtmlHelp1\icons\static.gif
C:\Program Files\EWSoftware\Sandcastle Help File Builder\PresentationStyles\VS2005\icons\xna.gif -&gt; E:\Projects\UFASoft\UFSJ\Sharp\UFSJStd\Help\Working\Output\HtmlHelp1\icons\xna.gif
C:\Program Files\EWSoftware\Sandcastle Help File Builder\PresentationStyles\VS2005\scripts\CheckboxMenu.js -&gt; E:\Projects\UFASoft\UFSJ\Sharp\UFSJStd\Help\Working\Output\HtmlHelp1\scripts\CheckboxMenu.js
C:\Program Files\EWSoftware\Sandcastle Help File Builder\PresentationStyles\VS2005\scripts\CommonUtilities.js -&gt; E:\Projects\UFASoft\UFSJ\Sharp\UFSJStd\Help\Working\Output\HtmlHelp1\scripts\CommonUtilities.js
C:\Program Files\EWSoftware\Sandcastle Help File Builder\PresentationStyles\VS2005\scripts\Dropdown.js -&gt; E:\Projects\UFASoft\UFSJ\Sharp\UFSJStd\Help\Working\Output\HtmlHelp1\scripts\Dropdown.js
C:\Program Files\EWSoftware\Sandcastle Help File Builder\PresentationStyles\VS2005\scripts\EventUtilities.js -&gt; E:\Projects\UFASoft\UFSJ\Sharp\UFSJStd\Help\Working\Output\HtmlHelp1\scripts\EventUtilities.js
C:\Program Files\EWSoftware\Sandcastle Help File Builder\PresentationStyles\VS2005\scripts\script_feedBack.js -&gt; E:\Projects\UFASoft\UFSJ\Sharp\UFSJStd\Help\Working\Output\HtmlHelp1\scripts\script_feedBack.js
C:\Program Files\EWSoftware\Sandcastle Help File Builder\PresentationStyles\VS2005\scripts\script_manifold.js -&gt; E:\Projects\UFASoft\UFSJ\Sharp\UFSJStd\Help\Working\Output\HtmlHelp1\scripts\script_manifold.js
C:\Program Files\EWSoftware\Sandcastle Help File Builder\PresentationStyles\VS2005\scripts\SplitScreen.js -&gt; E:\Projects\UFASoft\UFSJ\Sharp\UFSJStd\Help\Working\Output\HtmlHelp1\scripts\SplitScreen.js
C:\Program Files\EWSoftware\Sandcastle Help File Builder\PresentationStyles\VS2005\styles\Presentation.css -&gt; E:\Projects\UFASoft\UFSJ\Sharp\UFSJStd\Help\Working\Output\HtmlHelp1\styles\Presentation.css
    Last step completed in 00:00:02.8464
</buildStep>
<buildStep step="GenerateHelpFormatTableOfContents">
Generating HTML Help 1 table of contents file...
    Last step completed in 00:00:00.0020
</buildStep>
<buildStep step="GenerateHelpFileIndex">
Generating HTML Help 1 index file...
    Last step completed in 00:00:00.0020
</buildStep>
<buildStep step="GenerateHelpProject">
Generating HTML Help 1 project file...
    Last step completed in 00:00:00.0280
</buildStep>
<buildStep step="CompilingHelpFile">
Compiling HTML Help 1 file...
[C:\Windows\Microsoft.NET\Framework\v4.0.30319\MSBuild.exe]
  Microsoft HTML Help Compiler 4.74.8702
  
  
  
  Compiling e:\Projects\UFASoft\UFSJ\Sharp\UFSJStd\Help\Working\Output\HtmlHelp1\Documentation.chm
  
  
  
  
  
  Compile time: 0 minutes, 4 seconds
  
  73	Topics
  
  827	Local links
  
  0	Internet links
  
  0	Graphics
  
  
  
  
  
  Created e:\Projects\UFASoft\UFSJ\Sharp\UFSJStd\Help\Working\Output\HtmlHelp1\Documentation.chm, 294,845 bytes
  
  Compression decreased file by 1,501,976 bytes.
  
    Last step completed in 00:00:08.1230
</buildStep>
<buildStep step="CleanIntermediates">
Removing intermediate files...
    Last step completed in 00:00:00.4140
</buildStep>
<buildStep step="Completed">

Build completed successfully at 07/12/2014 12:28 .  Total time: 00:01:02,1638

</buildStep>
</shfbBuild>
